                              1 	.module crt0
                              2 	.globl	_main
                              3 
                              4 	.area	_HEADER (ABS)
   2082                       5 	.org 	0x2082
   2082                       6 init:
   2082 CDr00r00      [17]    7 	call	gsinit
                              8 
   2085 CDr00r00      [17]    9 	call	_main
   2088 C3r00r00      [10]   10 	jp	_exit
                             11 
                             12 	.area	_HOME
                             13 	.area	_CODE
                             14 	.area	_INITIALIZER
                             15 	.area   _GSINIT
                             16 	.area   _GSFINAL
                             17 
                             18 	.area	_DATA
                             19 	.area	_INITIALIZED
                             20 	.area	_BSEG
                             21 	.area   _BSS
                             22 	.area   _HEAP
                             23 
                             24 	.area   _CODE
   0000                      25 _exit:
   0000                      26 1$:
   0000 76            [ 4]   27 	halt
   0001 18 FD         [12]   28 	jr	1$
                             29 
                             30 	.area   _GSINIT
   0000                      31 gsinit:
   0000 01r00r00      [10]   32 	ld	bc, #l__INITIALIZER
   0003 78            [ 4]   33 	ld	a, b
   0004 B1            [ 4]   34 	or	a, c
   0005 28 08         [12]   35 	jr	Z, gsinit_next
   0007 11r00r00      [10]   36 	ld	de, #s__INITIALIZED
   000A 21r00r00      [10]   37 	ld	hl, #s__INITIALIZER
   000D ED B0         [21]   38 	ldir
   000F                      39 gsinit_next:
                             40 
                             41 	.area   _GSFINAL
   0000 C9            [10]   42 	ret
                             43 
